<<<<<<< HEAD
Sept 23, 2021 8:10:12 PM R18_G2_ASM1.ATM_logger writeToFile
SEVERE: Transaction.modify --> MESSAGE: Sorry your card is unavailable. Please try again.
Sept 23, 2021 8:10:12 PM R18_G2_ASM1.ATM_logger writeToFile
INFO: Transaction.deposit --> MESSAGE: The Deposit Transaction was successfully completed.
Sept 23, 2021 8:10:12 PM R18_G2_ASM1.ATM_logger writeToFile
SEVERE: transaction.withdrawal --> MESSAGE: card balance is too low, can't withdraw
Sept 23, 2021 8:11:16 PM R18_G2_ASM1.ATM_logger writeToFile
SEVERE: Transaction.modify --> MESSAGE: Sorry your card is unavailable. Please try again.
Sept 23, 2021 8:11:16 PM R18_G2_ASM1.ATM_logger writeToFile
INFO: Transaction.deposit --> MESSAGE: The Deposit Transaction was successfully completed.
Sept 23, 2021 8:11:16 PM R18_G2_ASM1.ATM_logger writeToFile
SEVERE: transaction.withdrawal --> MESSAGE: card balance is too low, can't withdraw
Sep. 23, 2021 6:56:47 PM R18_G2_ASM1.ATM_logger writeToFile
SEVERE: Transaction.modify --> MESSAGE: Sorry your card is unavailable. Please try again.
Sep. 23, 2021 6:56:47 PM R18_G2_ASM1.ATM_logger writeToFile
INFO: Transaction.deposit --> MESSAGE: The Deposit Transaction was successfully completed.
Sep. 23, 2021 6:56:47 PM R18_G2_ASM1.ATM_logger writeToFile
SEVERE: transaction.withdrawal --> MESSAGE: card balance is too low, can't withdraw
=======
Sep. 23, 2021 5:49:09 PM R18_G2_ASM1.ATM_logger writeToFile
SEVERE: Transaction.modify --> MESSAGE: Sorry your card is unavailable. Please try again.
Sep. 23, 2021 5:49:09 PM R18_G2_ASM1.ATM_logger writeToFile
INFO: Transaction.deposit --> MESSAGE: The Deposit Transaction was successfully completed.
Sep. 23, 2021 5:49:09 PM R18_G2_ASM1.ATM_logger writeToFile
SEVERE: transaction.withdrawal --> MESSAGE: card balance is too low, can't withdraw
Sep. 23, 2021 6:23:36 PM R18_G2_ASM1.ATM_logger writeToFile
SEVERE: Transaction.modify --> MESSAGE: Sorry your card is unavailable. Please try again.
Sep. 23, 2021 6:23:36 PM R18_G2_ASM1.ATM_logger writeToFile
INFO: Transaction.deposit --> MESSAGE: The Deposit Transaction was successfully completed.
Sep. 23, 2021 6:23:36 PM R18_G2_ASM1.ATM_logger writeToFile
SEVERE: transaction.withdrawal --> MESSAGE: card balance is too low, can't withdraw
Sep. 23, 2021 6:26:25 PM R18_G2_ASM1.ATM_logger writeToFile
SEVERE: ATM.run --> MESSAGE: INVALID_CARD_NUMBER
Sep. 23, 2021 6:34:27 PM R18_G2_ASM1.ATM_logger writeToFile
SEVERE: ATM.run --> MESSAGE: INVALID_CARD_NUMBER
Sep. 23, 2021 6:41:30 PM R18_G2_ASM1.ATM_logger writeToFile
SEVERE: ATM.run --> MESSAGE: CARD_READ_ERROR
Sep. 23, 2021 6:43:36 PM R18_G2_ASM1.ATM_logger writeToFile
SEVERE: ATM.run --> MESSAGE: CARD_BLOCKED
Sep. 23, 2021 6:43:44 PM R18_G2_ASM1.ATM_logger writeToFile
SEVERE: CardDispenser.insertCard --> MESSAGE: NON XYZ Bank card inserted
Sep. 23, 2021 6:43:57 PM R18_G2_ASM1.ATM_logger writeToFile
SEVERE: ATM.run --> MESSAGE: CARD_BLOCKED
>>>>>>> SessionImprove
